[2024-12-28 21:34:12,538] {processor.py:162} INFO - Started process (PID=178) to work on /opt/airflow/dags/setup.py
[2024-12-28 21:34:12,543] {processor.py:613} INFO - Processing file /opt/airflow/dags/setup.py for tasks to queue
[2024-12-28 21:34:12,546] {logging_mixin.py:109} INFO - [2024-12-28 21:34:12,545] {dagbag.py:496} INFO - Filling up the DagBag from /opt/airflow/dags/setup.py
[2024-12-28 21:34:12,612] {processor.py:623} INFO - DAG(s) dict_keys(['agile_data_science_batch_prediction_model_training']) retrieved from /opt/airflow/dags/setup.py
[2024-12-28 21:34:12,795] {logging_mixin.py:109} INFO - [2024-12-28 21:34:12,794] {dag.py:1834} INFO - Sync 1 DAGs
[2024-12-28 21:34:12,804] {logging_mixin.py:109} INFO - [2024-12-28 21:34:12,804] {dag.py:2287} INFO - Setting next_dagrun for agile_data_science_batch_prediction_model_training to None
[2024-12-28 21:34:12,813] {processor.py:170} INFO - Processing /opt/airflow/dags/setup.py took 0.281 seconds
[2024-12-28 21:34:43,346] {processor.py:162} INFO - Started process (PID=202) to work on /opt/airflow/dags/setup.py
[2024-12-28 21:34:43,347] {processor.py:613} INFO - Processing file /opt/airflow/dags/setup.py for tasks to queue
[2024-12-28 21:34:43,348] {logging_mixin.py:109} INFO - [2024-12-28 21:34:43,348] {dagbag.py:496} INFO - Filling up the DagBag from /opt/airflow/dags/setup.py
[2024-12-28 21:34:43,368] {processor.py:623} INFO - DAG(s) dict_keys(['agile_data_science_batch_prediction_model_training']) retrieved from /opt/airflow/dags/setup.py
[2024-12-28 21:34:43,385] {logging_mixin.py:109} INFO - [2024-12-28 21:34:43,385] {dag.py:1834} INFO - Sync 1 DAGs
[2024-12-28 21:34:43,394] {logging_mixin.py:109} INFO - [2024-12-28 21:34:43,394] {dag.py:2287} INFO - Setting next_dagrun for agile_data_science_batch_prediction_model_training to None
[2024-12-28 21:34:43,402] {processor.py:170} INFO - Processing /opt/airflow/dags/setup.py took 0.058 seconds
[2024-12-28 21:35:14,163] {processor.py:162} INFO - Started process (PID=207) to work on /opt/airflow/dags/setup.py
[2024-12-28 21:35:14,164] {processor.py:613} INFO - Processing file /opt/airflow/dags/setup.py for tasks to queue
[2024-12-28 21:35:14,165] {logging_mixin.py:109} INFO - [2024-12-28 21:35:14,165] {dagbag.py:496} INFO - Filling up the DagBag from /opt/airflow/dags/setup.py
[2024-12-28 21:35:14,193] {processor.py:623} INFO - DAG(s) dict_keys(['agile_data_science_batch_prediction_model_training']) retrieved from /opt/airflow/dags/setup.py
[2024-12-28 21:35:14,205] {logging_mixin.py:109} INFO - [2024-12-28 21:35:14,205] {dag.py:1834} INFO - Sync 1 DAGs
[2024-12-28 21:35:14,214] {logging_mixin.py:109} INFO - [2024-12-28 21:35:14,214] {dag.py:2287} INFO - Setting next_dagrun for agile_data_science_batch_prediction_model_training to None
[2024-12-28 21:35:14,221] {processor.py:170} INFO - Processing /opt/airflow/dags/setup.py took 0.060 seconds
[2024-12-28 21:35:45,067] {processor.py:162} INFO - Started process (PID=212) to work on /opt/airflow/dags/setup.py
[2024-12-28 21:35:45,069] {processor.py:613} INFO - Processing file /opt/airflow/dags/setup.py for tasks to queue
[2024-12-28 21:35:45,069] {logging_mixin.py:109} INFO - [2024-12-28 21:35:45,069] {dagbag.py:496} INFO - Filling up the DagBag from /opt/airflow/dags/setup.py
[2024-12-28 21:35:45,092] {processor.py:623} INFO - DAG(s) dict_keys(['agile_data_science_batch_prediction_model_training']) retrieved from /opt/airflow/dags/setup.py
[2024-12-28 21:35:45,107] {logging_mixin.py:109} INFO - [2024-12-28 21:35:45,107] {dag.py:1834} INFO - Sync 1 DAGs
[2024-12-28 21:35:45,116] {logging_mixin.py:109} INFO - [2024-12-28 21:35:45,116] {dag.py:2287} INFO - Setting next_dagrun for agile_data_science_batch_prediction_model_training to None
[2024-12-28 21:35:45,123] {processor.py:170} INFO - Processing /opt/airflow/dags/setup.py took 0.057 seconds
[2024-12-28 21:36:15,878] {processor.py:162} INFO - Started process (PID=217) to work on /opt/airflow/dags/setup.py
[2024-12-28 21:36:15,880] {processor.py:613} INFO - Processing file /opt/airflow/dags/setup.py for tasks to queue
[2024-12-28 21:36:15,880] {logging_mixin.py:109} INFO - [2024-12-28 21:36:15,880] {dagbag.py:496} INFO - Filling up the DagBag from /opt/airflow/dags/setup.py
[2024-12-28 21:36:15,897] {processor.py:623} INFO - DAG(s) dict_keys(['agile_data_science_batch_prediction_model_training']) retrieved from /opt/airflow/dags/setup.py
[2024-12-28 21:36:15,909] {logging_mixin.py:109} INFO - [2024-12-28 21:36:15,909] {dag.py:1834} INFO - Sync 1 DAGs
[2024-12-28 21:36:15,917] {logging_mixin.py:109} INFO - [2024-12-28 21:36:15,917] {dag.py:2287} INFO - Setting next_dagrun for agile_data_science_batch_prediction_model_training to None
[2024-12-28 21:36:15,924] {processor.py:170} INFO - Processing /opt/airflow/dags/setup.py took 0.048 seconds
[2024-12-28 21:36:46,759] {processor.py:162} INFO - Started process (PID=222) to work on /opt/airflow/dags/setup.py
[2024-12-28 21:36:46,760] {processor.py:613} INFO - Processing file /opt/airflow/dags/setup.py for tasks to queue
[2024-12-28 21:36:46,761] {logging_mixin.py:109} INFO - [2024-12-28 21:36:46,760] {dagbag.py:496} INFO - Filling up the DagBag from /opt/airflow/dags/setup.py
[2024-12-28 21:36:46,781] {processor.py:623} INFO - DAG(s) dict_keys(['agile_data_science_batch_prediction_model_training']) retrieved from /opt/airflow/dags/setup.py
[2024-12-28 21:36:46,795] {logging_mixin.py:109} INFO - [2024-12-28 21:36:46,795] {dag.py:1834} INFO - Sync 1 DAGs
[2024-12-28 21:36:46,809] {logging_mixin.py:109} INFO - [2024-12-28 21:36:46,809] {dag.py:2287} INFO - Setting next_dagrun for agile_data_science_batch_prediction_model_training to None
[2024-12-28 21:36:46,820] {processor.py:170} INFO - Processing /opt/airflow/dags/setup.py took 0.063 seconds
[2024-12-28 21:37:17,586] {processor.py:162} INFO - Started process (PID=227) to work on /opt/airflow/dags/setup.py
[2024-12-28 21:37:17,587] {processor.py:613} INFO - Processing file /opt/airflow/dags/setup.py for tasks to queue
[2024-12-28 21:37:17,587] {logging_mixin.py:109} INFO - [2024-12-28 21:37:17,587] {dagbag.py:496} INFO - Filling up the DagBag from /opt/airflow/dags/setup.py
[2024-12-28 21:37:17,607] {processor.py:623} INFO - DAG(s) dict_keys(['agile_data_science_batch_prediction_model_training']) retrieved from /opt/airflow/dags/setup.py
[2024-12-28 21:37:17,621] {logging_mixin.py:109} INFO - [2024-12-28 21:37:17,621] {dag.py:1834} INFO - Sync 1 DAGs
[2024-12-28 21:37:17,631] {logging_mixin.py:109} INFO - [2024-12-28 21:37:17,631] {dag.py:2287} INFO - Setting next_dagrun for agile_data_science_batch_prediction_model_training to None
[2024-12-28 21:37:17,645] {processor.py:170} INFO - Processing /opt/airflow/dags/setup.py took 0.061 seconds
[2024-12-28 21:37:47,681] {processor.py:162} INFO - Started process (PID=232) to work on /opt/airflow/dags/setup.py
[2024-12-28 21:37:47,682] {processor.py:613} INFO - Processing file /opt/airflow/dags/setup.py for tasks to queue
[2024-12-28 21:37:47,683] {logging_mixin.py:109} INFO - [2024-12-28 21:37:47,683] {dagbag.py:496} INFO - Filling up the DagBag from /opt/airflow/dags/setup.py
[2024-12-28 21:37:47,702] {processor.py:623} INFO - DAG(s) dict_keys(['agile_data_science_batch_prediction_model_training']) retrieved from /opt/airflow/dags/setup.py
[2024-12-28 21:37:47,714] {logging_mixin.py:109} INFO - [2024-12-28 21:37:47,714] {dag.py:1834} INFO - Sync 1 DAGs
[2024-12-28 21:37:47,722] {logging_mixin.py:109} INFO - [2024-12-28 21:37:47,722] {dag.py:2287} INFO - Setting next_dagrun for agile_data_science_batch_prediction_model_training to None
[2024-12-28 21:37:47,729] {processor.py:170} INFO - Processing /opt/airflow/dags/setup.py took 0.051 seconds
[2024-12-28 21:38:18,516] {processor.py:162} INFO - Started process (PID=237) to work on /opt/airflow/dags/setup.py
[2024-12-28 21:38:18,517] {processor.py:613} INFO - Processing file /opt/airflow/dags/setup.py for tasks to queue
[2024-12-28 21:38:18,518] {logging_mixin.py:109} INFO - [2024-12-28 21:38:18,518] {dagbag.py:496} INFO - Filling up the DagBag from /opt/airflow/dags/setup.py
[2024-12-28 21:38:18,544] {processor.py:623} INFO - DAG(s) dict_keys(['agile_data_science_batch_prediction_model_training']) retrieved from /opt/airflow/dags/setup.py
[2024-12-28 21:38:18,558] {logging_mixin.py:109} INFO - [2024-12-28 21:38:18,558] {dag.py:1834} INFO - Sync 1 DAGs
[2024-12-28 21:38:18,567] {logging_mixin.py:109} INFO - [2024-12-28 21:38:18,567] {dag.py:2287} INFO - Setting next_dagrun for agile_data_science_batch_prediction_model_training to None
[2024-12-28 21:38:18,573] {processor.py:170} INFO - Processing /opt/airflow/dags/setup.py took 0.060 seconds
[2024-12-28 21:38:49,360] {processor.py:162} INFO - Started process (PID=242) to work on /opt/airflow/dags/setup.py
[2024-12-28 21:38:49,361] {processor.py:613} INFO - Processing file /opt/airflow/dags/setup.py for tasks to queue
[2024-12-28 21:38:49,363] {logging_mixin.py:109} INFO - [2024-12-28 21:38:49,362] {dagbag.py:496} INFO - Filling up the DagBag from /opt/airflow/dags/setup.py
[2024-12-28 21:38:49,389] {processor.py:623} INFO - DAG(s) dict_keys(['agile_data_science_batch_prediction_model_training']) retrieved from /opt/airflow/dags/setup.py
[2024-12-28 21:38:49,404] {logging_mixin.py:109} INFO - [2024-12-28 21:38:49,404] {dag.py:1834} INFO - Sync 1 DAGs
[2024-12-28 21:38:49,416] {logging_mixin.py:109} INFO - [2024-12-28 21:38:49,416] {dag.py:2287} INFO - Setting next_dagrun for agile_data_science_batch_prediction_model_training to None
[2024-12-28 21:38:49,427] {processor.py:170} INFO - Processing /opt/airflow/dags/setup.py took 0.069 seconds
[2024-12-28 21:39:21,269] {processor.py:162} INFO - Started process (PID=265) to work on /opt/airflow/dags/setup.py
[2024-12-28 21:39:21,270] {processor.py:613} INFO - Processing file /opt/airflow/dags/setup.py for tasks to queue
[2024-12-28 21:39:21,271] {logging_mixin.py:109} INFO - [2024-12-28 21:39:21,271] {dagbag.py:496} INFO - Filling up the DagBag from /opt/airflow/dags/setup.py
[2024-12-28 21:39:21,288] {processor.py:623} INFO - DAG(s) dict_keys(['agile_data_science_batch_prediction_model_training']) retrieved from /opt/airflow/dags/setup.py
[2024-12-28 21:39:21,300] {logging_mixin.py:109} INFO - [2024-12-28 21:39:21,300] {dag.py:1834} INFO - Sync 1 DAGs
[2024-12-28 21:39:21,308] {logging_mixin.py:109} INFO - [2024-12-28 21:39:21,308] {dag.py:2287} INFO - Setting next_dagrun for agile_data_science_batch_prediction_model_training to None
[2024-12-28 21:39:21,314] {processor.py:170} INFO - Processing /opt/airflow/dags/setup.py took 0.048 seconds
[2024-12-28 21:39:54,118] {processor.py:162} INFO - Started process (PID=270) to work on /opt/airflow/dags/setup.py
[2024-12-28 21:39:54,119] {processor.py:613} INFO - Processing file /opt/airflow/dags/setup.py for tasks to queue
[2024-12-28 21:39:54,120] {logging_mixin.py:109} INFO - [2024-12-28 21:39:54,120] {dagbag.py:496} INFO - Filling up the DagBag from /opt/airflow/dags/setup.py
[2024-12-28 21:39:54,136] {processor.py:623} INFO - DAG(s) dict_keys(['agile_data_science_batch_prediction_model_training']) retrieved from /opt/airflow/dags/setup.py
[2024-12-28 21:39:54,147] {logging_mixin.py:109} INFO - [2024-12-28 21:39:54,147] {dag.py:1834} INFO - Sync 1 DAGs
[2024-12-28 21:39:54,154] {logging_mixin.py:109} INFO - [2024-12-28 21:39:54,154] {dag.py:2287} INFO - Setting next_dagrun for agile_data_science_batch_prediction_model_training to None
[2024-12-28 21:39:54,161] {processor.py:170} INFO - Processing /opt/airflow/dags/setup.py took 0.045 seconds
[2024-12-28 21:40:26,962] {processor.py:162} INFO - Started process (PID=275) to work on /opt/airflow/dags/setup.py
[2024-12-28 21:40:26,963] {processor.py:613} INFO - Processing file /opt/airflow/dags/setup.py for tasks to queue
[2024-12-28 21:40:26,964] {logging_mixin.py:109} INFO - [2024-12-28 21:40:26,964] {dagbag.py:496} INFO - Filling up the DagBag from /opt/airflow/dags/setup.py
[2024-12-28 21:40:27,004] {processor.py:623} INFO - DAG(s) dict_keys(['agile_data_science_batch_prediction_model_training']) retrieved from /opt/airflow/dags/setup.py
[2024-12-28 21:40:27,019] {logging_mixin.py:109} INFO - [2024-12-28 21:40:27,019] {dag.py:1834} INFO - Sync 1 DAGs
[2024-12-28 21:40:27,028] {logging_mixin.py:109} INFO - [2024-12-28 21:40:27,028] {dag.py:2287} INFO - Setting next_dagrun for agile_data_science_batch_prediction_model_training to None
[2024-12-28 21:40:27,038] {processor.py:170} INFO - Processing /opt/airflow/dags/setup.py took 0.078 seconds
[2024-12-28 21:40:59,830] {processor.py:162} INFO - Started process (PID=280) to work on /opt/airflow/dags/setup.py
[2024-12-28 21:40:59,831] {processor.py:613} INFO - Processing file /opt/airflow/dags/setup.py for tasks to queue
[2024-12-28 21:40:59,831] {logging_mixin.py:109} INFO - [2024-12-28 21:40:59,831] {dagbag.py:496} INFO - Filling up the DagBag from /opt/airflow/dags/setup.py
[2024-12-28 21:40:59,850] {processor.py:623} INFO - DAG(s) dict_keys(['agile_data_science_batch_prediction_model_training']) retrieved from /opt/airflow/dags/setup.py
[2024-12-28 21:40:59,863] {logging_mixin.py:109} INFO - [2024-12-28 21:40:59,863] {dag.py:1834} INFO - Sync 1 DAGs
[2024-12-28 21:40:59,871] {logging_mixin.py:109} INFO - [2024-12-28 21:40:59,870] {dag.py:2287} INFO - Setting next_dagrun for agile_data_science_batch_prediction_model_training to None
[2024-12-28 21:40:59,877] {processor.py:170} INFO - Processing /opt/airflow/dags/setup.py took 0.049 seconds
[2024-12-28 21:41:32,702] {processor.py:162} INFO - Started process (PID=295) to work on /opt/airflow/dags/setup.py
[2024-12-28 21:41:32,703] {processor.py:613} INFO - Processing file /opt/airflow/dags/setup.py for tasks to queue
[2024-12-28 21:41:32,704] {logging_mixin.py:109} INFO - [2024-12-28 21:41:32,703] {dagbag.py:496} INFO - Filling up the DagBag from /opt/airflow/dags/setup.py
[2024-12-28 21:41:32,724] {processor.py:623} INFO - DAG(s) dict_keys(['agile_data_science_batch_prediction_model_training']) retrieved from /opt/airflow/dags/setup.py
[2024-12-28 21:41:32,739] {logging_mixin.py:109} INFO - [2024-12-28 21:41:32,739] {dag.py:1834} INFO - Sync 1 DAGs
[2024-12-28 21:41:32,749] {logging_mixin.py:109} INFO - [2024-12-28 21:41:32,749] {dag.py:2287} INFO - Setting next_dagrun for agile_data_science_batch_prediction_model_training to None
[2024-12-28 21:41:32,756] {processor.py:170} INFO - Processing /opt/airflow/dags/setup.py took 0.057 seconds
[2024-12-28 21:42:03,766] {processor.py:162} INFO - Started process (PID=300) to work on /opt/airflow/dags/setup.py
[2024-12-28 21:42:03,768] {processor.py:613} INFO - Processing file /opt/airflow/dags/setup.py for tasks to queue
[2024-12-28 21:42:03,768] {logging_mixin.py:109} INFO - [2024-12-28 21:42:03,768] {dagbag.py:496} INFO - Filling up the DagBag from /opt/airflow/dags/setup.py
[2024-12-28 21:42:03,792] {processor.py:623} INFO - DAG(s) dict_keys(['agile_data_science_batch_prediction_model_training']) retrieved from /opt/airflow/dags/setup.py
[2024-12-28 21:42:03,805] {logging_mixin.py:109} INFO - [2024-12-28 21:42:03,805] {dag.py:1834} INFO - Sync 1 DAGs
[2024-12-28 21:42:03,814] {logging_mixin.py:109} INFO - [2024-12-28 21:42:03,814] {dag.py:2287} INFO - Setting next_dagrun for agile_data_science_batch_prediction_model_training to None
[2024-12-28 21:42:03,822] {processor.py:170} INFO - Processing /opt/airflow/dags/setup.py took 0.058 seconds
[2024-12-28 21:42:34,631] {processor.py:162} INFO - Started process (PID=305) to work on /opt/airflow/dags/setup.py
[2024-12-28 21:42:34,632] {processor.py:613} INFO - Processing file /opt/airflow/dags/setup.py for tasks to queue
[2024-12-28 21:42:34,633] {logging_mixin.py:109} INFO - [2024-12-28 21:42:34,632] {dagbag.py:496} INFO - Filling up the DagBag from /opt/airflow/dags/setup.py
[2024-12-28 21:42:34,654] {processor.py:623} INFO - DAG(s) dict_keys(['agile_data_science_batch_prediction_model_training']) retrieved from /opt/airflow/dags/setup.py
[2024-12-28 21:42:34,669] {logging_mixin.py:109} INFO - [2024-12-28 21:42:34,669] {dag.py:1834} INFO - Sync 1 DAGs
[2024-12-28 21:42:34,679] {logging_mixin.py:109} INFO - [2024-12-28 21:42:34,679] {dag.py:2287} INFO - Setting next_dagrun for agile_data_science_batch_prediction_model_training to None
[2024-12-28 21:42:34,687] {processor.py:170} INFO - Processing /opt/airflow/dags/setup.py took 0.059 seconds
[2024-12-28 21:43:07,477] {processor.py:162} INFO - Started process (PID=310) to work on /opt/airflow/dags/setup.py
[2024-12-28 21:43:07,478] {processor.py:613} INFO - Processing file /opt/airflow/dags/setup.py for tasks to queue
[2024-12-28 21:43:07,478] {logging_mixin.py:109} INFO - [2024-12-28 21:43:07,478] {dagbag.py:496} INFO - Filling up the DagBag from /opt/airflow/dags/setup.py
[2024-12-28 21:43:07,512] {processor.py:623} INFO - DAG(s) dict_keys(['agile_data_science_batch_prediction_model_training']) retrieved from /opt/airflow/dags/setup.py
[2024-12-28 21:43:07,529] {logging_mixin.py:109} INFO - [2024-12-28 21:43:07,529] {dag.py:1834} INFO - Sync 1 DAGs
[2024-12-28 21:43:07,539] {logging_mixin.py:109} INFO - [2024-12-28 21:43:07,539] {dag.py:2287} INFO - Setting next_dagrun for agile_data_science_batch_prediction_model_training to None
[2024-12-28 21:43:07,548] {processor.py:170} INFO - Processing /opt/airflow/dags/setup.py took 0.073 seconds
[2024-12-28 21:43:39,316] {processor.py:162} INFO - Started process (PID=315) to work on /opt/airflow/dags/setup.py
[2024-12-28 21:43:39,317] {processor.py:613} INFO - Processing file /opt/airflow/dags/setup.py for tasks to queue
[2024-12-28 21:43:39,318] {logging_mixin.py:109} INFO - [2024-12-28 21:43:39,317] {dagbag.py:496} INFO - Filling up the DagBag from /opt/airflow/dags/setup.py
[2024-12-28 21:43:39,335] {processor.py:623} INFO - DAG(s) dict_keys(['agile_data_science_batch_prediction_model_training']) retrieved from /opt/airflow/dags/setup.py
[2024-12-28 21:43:39,349] {logging_mixin.py:109} INFO - [2024-12-28 21:43:39,349] {dag.py:1834} INFO - Sync 1 DAGs
[2024-12-28 21:43:39,358] {logging_mixin.py:109} INFO - [2024-12-28 21:43:39,358] {dag.py:2287} INFO - Setting next_dagrun for agile_data_science_batch_prediction_model_training to None
[2024-12-28 21:43:39,365] {processor.py:170} INFO - Processing /opt/airflow/dags/setup.py took 0.052 seconds
[2024-12-28 21:44:12,187] {processor.py:162} INFO - Started process (PID=320) to work on /opt/airflow/dags/setup.py
[2024-12-28 21:44:12,189] {processor.py:613} INFO - Processing file /opt/airflow/dags/setup.py for tasks to queue
[2024-12-28 21:44:12,190] {logging_mixin.py:109} INFO - [2024-12-28 21:44:12,190] {dagbag.py:496} INFO - Filling up the DagBag from /opt/airflow/dags/setup.py
[2024-12-28 21:44:12,211] {processor.py:623} INFO - DAG(s) dict_keys(['agile_data_science_batch_prediction_model_training']) retrieved from /opt/airflow/dags/setup.py
[2024-12-28 21:44:12,225] {logging_mixin.py:109} INFO - [2024-12-28 21:44:12,225] {dag.py:1834} INFO - Sync 1 DAGs
[2024-12-28 21:44:12,235] {logging_mixin.py:109} INFO - [2024-12-28 21:44:12,235] {dag.py:2287} INFO - Setting next_dagrun for agile_data_science_batch_prediction_model_training to None
[2024-12-28 21:44:12,243] {processor.py:170} INFO - Processing /opt/airflow/dags/setup.py took 0.058 seconds
[2024-12-28 21:44:45,041] {processor.py:162} INFO - Started process (PID=343) to work on /opt/airflow/dags/setup.py
[2024-12-28 21:44:45,042] {processor.py:613} INFO - Processing file /opt/airflow/dags/setup.py for tasks to queue
[2024-12-28 21:44:45,043] {logging_mixin.py:109} INFO - [2024-12-28 21:44:45,043] {dagbag.py:496} INFO - Filling up the DagBag from /opt/airflow/dags/setup.py
[2024-12-28 21:44:45,061] {processor.py:623} INFO - DAG(s) dict_keys(['agile_data_science_batch_prediction_model_training']) retrieved from /opt/airflow/dags/setup.py
[2024-12-28 21:44:45,072] {logging_mixin.py:109} INFO - [2024-12-28 21:44:45,072] {dag.py:1834} INFO - Sync 1 DAGs
[2024-12-28 21:44:45,081] {logging_mixin.py:109} INFO - [2024-12-28 21:44:45,081] {dag.py:2287} INFO - Setting next_dagrun for agile_data_science_batch_prediction_model_training to None
[2024-12-28 21:44:45,088] {processor.py:170} INFO - Processing /opt/airflow/dags/setup.py took 0.048 seconds
[2024-12-28 21:45:17,887] {processor.py:162} INFO - Started process (PID=348) to work on /opt/airflow/dags/setup.py
[2024-12-28 21:45:17,888] {processor.py:613} INFO - Processing file /opt/airflow/dags/setup.py for tasks to queue
[2024-12-28 21:45:17,888] {logging_mixin.py:109} INFO - [2024-12-28 21:45:17,888] {dagbag.py:496} INFO - Filling up the DagBag from /opt/airflow/dags/setup.py
[2024-12-28 21:45:17,916] {processor.py:623} INFO - DAG(s) dict_keys(['agile_data_science_batch_prediction_model_training']) retrieved from /opt/airflow/dags/setup.py
[2024-12-28 21:45:17,933] {logging_mixin.py:109} INFO - [2024-12-28 21:45:17,933] {dag.py:1834} INFO - Sync 1 DAGs
[2024-12-28 21:45:17,942] {logging_mixin.py:109} INFO - [2024-12-28 21:45:17,942] {dag.py:2287} INFO - Setting next_dagrun for agile_data_science_batch_prediction_model_training to None
[2024-12-28 21:45:17,949] {processor.py:170} INFO - Processing /opt/airflow/dags/setup.py took 0.065 seconds
[2024-12-28 21:46:10,134] {processor.py:162} INFO - Started process (PID=179) to work on /opt/airflow/dags/setup.py
[2024-12-28 21:46:10,135] {processor.py:613} INFO - Processing file /opt/airflow/dags/setup.py for tasks to queue
[2024-12-28 21:46:10,136] {logging_mixin.py:109} INFO - [2024-12-28 21:46:10,136] {dagbag.py:496} INFO - Filling up the DagBag from /opt/airflow/dags/setup.py
[2024-12-28 21:46:10,161] {processor.py:623} INFO - DAG(s) dict_keys(['agile_data_science_batch_prediction_model_training']) retrieved from /opt/airflow/dags/setup.py
[2024-12-28 21:46:10,175] {logging_mixin.py:109} INFO - [2024-12-28 21:46:10,175] {dag.py:1834} INFO - Sync 1 DAGs
[2024-12-28 21:46:10,184] {logging_mixin.py:109} INFO - [2024-12-28 21:46:10,184] {dag.py:2287} INFO - Setting next_dagrun for agile_data_science_batch_prediction_model_training to None
[2024-12-28 21:46:10,191] {processor.py:170} INFO - Processing /opt/airflow/dags/setup.py took 0.060 seconds
[2024-12-28 21:46:40,986] {processor.py:162} INFO - Started process (PID=185) to work on /opt/airflow/dags/setup.py
[2024-12-28 21:46:40,987] {processor.py:613} INFO - Processing file /opt/airflow/dags/setup.py for tasks to queue
[2024-12-28 21:46:40,988] {logging_mixin.py:109} INFO - [2024-12-28 21:46:40,988] {dagbag.py:496} INFO - Filling up the DagBag from /opt/airflow/dags/setup.py
[2024-12-28 21:46:41,008] {processor.py:623} INFO - DAG(s) dict_keys(['agile_data_science_batch_prediction_model_training']) retrieved from /opt/airflow/dags/setup.py
[2024-12-28 21:46:41,024] {logging_mixin.py:109} INFO - [2024-12-28 21:46:41,023] {dag.py:1834} INFO - Sync 1 DAGs
[2024-12-28 21:46:41,035] {logging_mixin.py:109} INFO - [2024-12-28 21:46:41,035] {dag.py:2287} INFO - Setting next_dagrun for agile_data_science_batch_prediction_model_training to None
[2024-12-28 21:46:41,044] {processor.py:170} INFO - Processing /opt/airflow/dags/setup.py took 0.062 seconds
[2024-12-28 21:47:11,813] {processor.py:162} INFO - Started process (PID=193) to work on /opt/airflow/dags/setup.py
[2024-12-28 21:47:11,815] {processor.py:613} INFO - Processing file /opt/airflow/dags/setup.py for tasks to queue
[2024-12-28 21:47:11,817] {logging_mixin.py:109} INFO - [2024-12-28 21:47:11,816] {dagbag.py:496} INFO - Filling up the DagBag from /opt/airflow/dags/setup.py
[2024-12-28 21:47:11,840] {processor.py:623} INFO - DAG(s) dict_keys(['agile_data_science_batch_prediction_model_training']) retrieved from /opt/airflow/dags/setup.py
[2024-12-28 21:47:11,855] {logging_mixin.py:109} INFO - [2024-12-28 21:47:11,855] {dag.py:1834} INFO - Sync 1 DAGs
[2024-12-28 21:47:11,864] {logging_mixin.py:109} INFO - [2024-12-28 21:47:11,864] {dag.py:2287} INFO - Setting next_dagrun for agile_data_science_batch_prediction_model_training to None
[2024-12-28 21:47:11,872] {processor.py:170} INFO - Processing /opt/airflow/dags/setup.py took 0.061 seconds
[2024-12-28 21:47:42,690] {processor.py:162} INFO - Started process (PID=198) to work on /opt/airflow/dags/setup.py
[2024-12-28 21:47:42,691] {processor.py:613} INFO - Processing file /opt/airflow/dags/setup.py for tasks to queue
[2024-12-28 21:47:42,692] {logging_mixin.py:109} INFO - [2024-12-28 21:47:42,692] {dagbag.py:496} INFO - Filling up the DagBag from /opt/airflow/dags/setup.py
[2024-12-28 21:47:42,709] {processor.py:623} INFO - DAG(s) dict_keys(['agile_data_science_batch_prediction_model_training']) retrieved from /opt/airflow/dags/setup.py
[2024-12-28 21:47:42,721] {logging_mixin.py:109} INFO - [2024-12-28 21:47:42,721] {dag.py:1834} INFO - Sync 1 DAGs
[2024-12-28 21:47:42,729] {logging_mixin.py:109} INFO - [2024-12-28 21:47:42,729] {dag.py:2287} INFO - Setting next_dagrun for agile_data_science_batch_prediction_model_training to None
[2024-12-28 21:47:42,735] {processor.py:170} INFO - Processing /opt/airflow/dags/setup.py took 0.047 seconds
[2024-12-28 21:48:13,530] {processor.py:162} INFO - Started process (PID=203) to work on /opt/airflow/dags/setup.py
[2024-12-28 21:48:13,532] {processor.py:613} INFO - Processing file /opt/airflow/dags/setup.py for tasks to queue
[2024-12-28 21:48:13,533] {logging_mixin.py:109} INFO - [2024-12-28 21:48:13,533] {dagbag.py:496} INFO - Filling up the DagBag from /opt/airflow/dags/setup.py
[2024-12-28 21:48:13,558] {processor.py:623} INFO - DAG(s) dict_keys(['agile_data_science_batch_prediction_model_training']) retrieved from /opt/airflow/dags/setup.py
[2024-12-28 21:48:13,573] {logging_mixin.py:109} INFO - [2024-12-28 21:48:13,572] {dag.py:1834} INFO - Sync 1 DAGs
[2024-12-28 21:48:13,581] {logging_mixin.py:109} INFO - [2024-12-28 21:48:13,581] {dag.py:2287} INFO - Setting next_dagrun for agile_data_science_batch_prediction_model_training to None
[2024-12-28 21:48:13,589] {processor.py:170} INFO - Processing /opt/airflow/dags/setup.py took 0.061 seconds
[2024-12-28 21:48:44,367] {processor.py:162} INFO - Started process (PID=208) to work on /opt/airflow/dags/setup.py
[2024-12-28 21:48:44,368] {processor.py:613} INFO - Processing file /opt/airflow/dags/setup.py for tasks to queue
[2024-12-28 21:48:44,368] {logging_mixin.py:109} INFO - [2024-12-28 21:48:44,368] {dagbag.py:496} INFO - Filling up the DagBag from /opt/airflow/dags/setup.py
[2024-12-28 21:48:44,391] {processor.py:623} INFO - DAG(s) dict_keys(['agile_data_science_batch_prediction_model_training']) retrieved from /opt/airflow/dags/setup.py
[2024-12-28 21:48:44,404] {logging_mixin.py:109} INFO - [2024-12-28 21:48:44,404] {dag.py:1834} INFO - Sync 1 DAGs
[2024-12-28 21:48:44,412] {logging_mixin.py:109} INFO - [2024-12-28 21:48:44,412] {dag.py:2287} INFO - Setting next_dagrun for agile_data_science_batch_prediction_model_training to None
[2024-12-28 21:48:44,422] {processor.py:170} INFO - Processing /opt/airflow/dags/setup.py took 0.057 seconds
[2024-12-28 21:49:18,742] {processor.py:162} INFO - Started process (PID=178) to work on /opt/airflow/dags/setup.py
[2024-12-28 21:49:18,743] {processor.py:613} INFO - Processing file /opt/airflow/dags/setup.py for tasks to queue
[2024-12-28 21:49:18,744] {logging_mixin.py:109} INFO - [2024-12-28 21:49:18,744] {dagbag.py:496} INFO - Filling up the DagBag from /opt/airflow/dags/setup.py
[2024-12-28 21:49:18,779] {processor.py:623} INFO - DAG(s) dict_keys(['agile_data_science_batch_prediction_model_training']) retrieved from /opt/airflow/dags/setup.py
[2024-12-28 21:49:18,807] {logging_mixin.py:109} INFO - [2024-12-28 21:49:18,807] {dag.py:1834} INFO - Sync 1 DAGs
[2024-12-28 21:49:18,818] {logging_mixin.py:109} INFO - [2024-12-28 21:49:18,818] {dag.py:2287} INFO - Setting next_dagrun for agile_data_science_batch_prediction_model_training to None
[2024-12-28 21:49:18,826] {processor.py:170} INFO - Processing /opt/airflow/dags/setup.py took 0.088 seconds
[2024-12-28 22:11:53,139] {processor.py:162} INFO - Started process (PID=1109) to work on /opt/airflow/dags/setup.py
[2024-12-28 22:11:53,140] {processor.py:613} INFO - Processing file /opt/airflow/dags/setup.py for tasks to queue
[2024-12-28 22:11:53,141] {logging_mixin.py:109} INFO - [2024-12-28 22:11:53,141] {dagbag.py:496} INFO - Filling up the DagBag from /opt/airflow/dags/setup.py
[2024-12-28 22:11:53,184] {processor.py:623} INFO - DAG(s) dict_keys(['agile_data_science_batch_prediction_model_training']) retrieved from /opt/airflow/dags/setup.py
[2024-12-28 22:11:53,204] {logging_mixin.py:109} INFO - [2024-12-28 22:11:53,204] {dag.py:1834} INFO - Sync 1 DAGs
[2024-12-28 22:11:53,215] {logging_mixin.py:109} INFO - [2024-12-28 22:11:53,215] {dag.py:2287} INFO - Setting next_dagrun for agile_data_science_batch_prediction_model_training to None
[2024-12-28 22:11:53,225] {processor.py:170} INFO - Processing /opt/airflow/dags/setup.py took 0.088 seconds
[2024-12-28 22:12:23,968] {processor.py:162} INFO - Started process (PID=1116) to work on /opt/airflow/dags/setup.py
[2024-12-28 22:12:23,970] {processor.py:613} INFO - Processing file /opt/airflow/dags/setup.py for tasks to queue
[2024-12-28 22:12:23,971] {logging_mixin.py:109} INFO - [2024-12-28 22:12:23,971] {dagbag.py:496} INFO - Filling up the DagBag from /opt/airflow/dags/setup.py
[2024-12-28 22:12:23,999] {processor.py:623} INFO - DAG(s) dict_keys(['agile_data_science_batch_prediction_model_training']) retrieved from /opt/airflow/dags/setup.py
[2024-12-28 22:12:24,013] {logging_mixin.py:109} INFO - [2024-12-28 22:12:24,013] {dag.py:1834} INFO - Sync 1 DAGs
[2024-12-28 22:12:24,022] {logging_mixin.py:109} INFO - [2024-12-28 22:12:24,022] {dag.py:2287} INFO - Setting next_dagrun for agile_data_science_batch_prediction_model_training to None
[2024-12-28 22:12:24,028] {processor.py:170} INFO - Processing /opt/airflow/dags/setup.py took 0.064 seconds
[2024-12-28 22:12:55,849] {processor.py:162} INFO - Started process (PID=1124) to work on /opt/airflow/dags/setup.py
[2024-12-28 22:12:55,850] {processor.py:613} INFO - Processing file /opt/airflow/dags/setup.py for tasks to queue
[2024-12-28 22:12:55,851] {logging_mixin.py:109} INFO - [2024-12-28 22:12:55,850] {dagbag.py:496} INFO - Filling up the DagBag from /opt/airflow/dags/setup.py
[2024-12-28 22:12:55,868] {processor.py:623} INFO - DAG(s) dict_keys(['agile_data_science_batch_prediction_model_training']) retrieved from /opt/airflow/dags/setup.py
[2024-12-28 22:12:55,881] {logging_mixin.py:109} INFO - [2024-12-28 22:12:55,880] {dag.py:1834} INFO - Sync 1 DAGs
[2024-12-28 22:12:55,889] {logging_mixin.py:109} INFO - [2024-12-28 22:12:55,889] {dag.py:2287} INFO - Setting next_dagrun for agile_data_science_batch_prediction_model_training to None
[2024-12-28 22:12:55,894] {processor.py:170} INFO - Processing /opt/airflow/dags/setup.py took 0.047 seconds
[2024-12-28 22:13:28,700] {processor.py:162} INFO - Started process (PID=1129) to work on /opt/airflow/dags/setup.py
[2024-12-28 22:13:28,702] {processor.py:613} INFO - Processing file /opt/airflow/dags/setup.py for tasks to queue
[2024-12-28 22:13:28,703] {logging_mixin.py:109} INFO - [2024-12-28 22:13:28,703] {dagbag.py:496} INFO - Filling up the DagBag from /opt/airflow/dags/setup.py
[2024-12-28 22:13:28,735] {processor.py:623} INFO - DAG(s) dict_keys(['agile_data_science_batch_prediction_model_training']) retrieved from /opt/airflow/dags/setup.py
[2024-12-28 22:13:28,754] {logging_mixin.py:109} INFO - [2024-12-28 22:13:28,754] {dag.py:1834} INFO - Sync 1 DAGs
[2024-12-28 22:13:28,764] {logging_mixin.py:109} INFO - [2024-12-28 22:13:28,764] {dag.py:2287} INFO - Setting next_dagrun for agile_data_science_batch_prediction_model_training to None
[2024-12-28 22:13:28,773] {processor.py:170} INFO - Processing /opt/airflow/dags/setup.py took 0.076 seconds
[2024-12-28 22:13:58,821] {processor.py:162} INFO - Started process (PID=1134) to work on /opt/airflow/dags/setup.py
[2024-12-28 22:13:58,822] {processor.py:613} INFO - Processing file /opt/airflow/dags/setup.py for tasks to queue
[2024-12-28 22:13:58,823] {logging_mixin.py:109} INFO - [2024-12-28 22:13:58,823] {dagbag.py:496} INFO - Filling up the DagBag from /opt/airflow/dags/setup.py
[2024-12-28 22:13:58,842] {processor.py:623} INFO - DAG(s) dict_keys(['agile_data_science_batch_prediction_model_training']) retrieved from /opt/airflow/dags/setup.py
[2024-12-28 22:13:58,854] {logging_mixin.py:109} INFO - [2024-12-28 22:13:58,854] {dag.py:1834} INFO - Sync 1 DAGs
[2024-12-28 22:13:58,862] {logging_mixin.py:109} INFO - [2024-12-28 22:13:58,862] {dag.py:2287} INFO - Setting next_dagrun for agile_data_science_batch_prediction_model_training to None
[2024-12-28 22:13:58,868] {processor.py:170} INFO - Processing /opt/airflow/dags/setup.py took 0.050 seconds
[2024-12-28 22:14:31,654] {processor.py:162} INFO - Started process (PID=1139) to work on /opt/airflow/dags/setup.py
[2024-12-28 22:14:31,656] {processor.py:613} INFO - Processing file /opt/airflow/dags/setup.py for tasks to queue
[2024-12-28 22:14:31,657] {logging_mixin.py:109} INFO - [2024-12-28 22:14:31,656] {dagbag.py:496} INFO - Filling up the DagBag from /opt/airflow/dags/setup.py
[2024-12-28 22:14:31,685] {processor.py:623} INFO - DAG(s) dict_keys(['agile_data_science_batch_prediction_model_training']) retrieved from /opt/airflow/dags/setup.py
[2024-12-28 22:14:31,702] {logging_mixin.py:109} INFO - [2024-12-28 22:14:31,702] {dag.py:1834} INFO - Sync 1 DAGs
[2024-12-28 22:14:31,712] {logging_mixin.py:109} INFO - [2024-12-28 22:14:31,712] {dag.py:2287} INFO - Setting next_dagrun for agile_data_science_batch_prediction_model_training to None
[2024-12-28 22:14:31,721] {processor.py:170} INFO - Processing /opt/airflow/dags/setup.py took 0.069 seconds
[2024-12-28 22:15:04,512] {processor.py:162} INFO - Started process (PID=1144) to work on /opt/airflow/dags/setup.py
[2024-12-28 22:15:04,514] {processor.py:613} INFO - Processing file /opt/airflow/dags/setup.py for tasks to queue
[2024-12-28 22:15:04,515] {logging_mixin.py:109} INFO - [2024-12-28 22:15:04,515] {dagbag.py:496} INFO - Filling up the DagBag from /opt/airflow/dags/setup.py
[2024-12-28 22:15:04,535] {processor.py:623} INFO - DAG(s) dict_keys(['agile_data_science_batch_prediction_model_training']) retrieved from /opt/airflow/dags/setup.py
[2024-12-28 22:15:04,551] {logging_mixin.py:109} INFO - [2024-12-28 22:15:04,551] {dag.py:1834} INFO - Sync 1 DAGs
[2024-12-28 22:15:04,559] {logging_mixin.py:109} INFO - [2024-12-28 22:15:04,559] {dag.py:2287} INFO - Setting next_dagrun for agile_data_science_batch_prediction_model_training to None
[2024-12-28 22:15:04,566] {processor.py:170} INFO - Processing /opt/airflow/dags/setup.py took 0.058 seconds
[2024-12-28 22:15:37,371] {processor.py:162} INFO - Started process (PID=1149) to work on /opt/airflow/dags/setup.py
[2024-12-28 22:15:37,371] {processor.py:613} INFO - Processing file /opt/airflow/dags/setup.py for tasks to queue
[2024-12-28 22:15:37,372] {logging_mixin.py:109} INFO - [2024-12-28 22:15:37,372] {dagbag.py:496} INFO - Filling up the DagBag from /opt/airflow/dags/setup.py
[2024-12-28 22:15:37,386] {processor.py:623} INFO - DAG(s) dict_keys(['agile_data_science_batch_prediction_model_training']) retrieved from /opt/airflow/dags/setup.py
[2024-12-28 22:15:37,399] {logging_mixin.py:109} INFO - [2024-12-28 22:15:37,399] {dag.py:1834} INFO - Sync 1 DAGs
[2024-12-28 22:15:37,407] {logging_mixin.py:109} INFO - [2024-12-28 22:15:37,407] {dag.py:2287} INFO - Setting next_dagrun for agile_data_science_batch_prediction_model_training to None
[2024-12-28 22:15:37,415] {processor.py:170} INFO - Processing /opt/airflow/dags/setup.py took 0.046 seconds
[2024-12-28 22:28:20,532] {processor.py:162} INFO - Started process (PID=5445) to work on /opt/airflow/dags/setup.py
[2024-12-28 22:28:20,534] {processor.py:613} INFO - Processing file /opt/airflow/dags/setup.py for tasks to queue
[2024-12-28 22:28:20,535] {logging_mixin.py:109} INFO - [2024-12-28 22:28:20,535] {dagbag.py:496} INFO - Filling up the DagBag from /opt/airflow/dags/setup.py
[2024-12-28 22:28:20,567] {processor.py:623} INFO - DAG(s) dict_keys(['agile_data_science_batch_prediction_model_training']) retrieved from /opt/airflow/dags/setup.py
[2024-12-28 22:28:20,585] {logging_mixin.py:109} INFO - [2024-12-28 22:28:20,585] {dag.py:1834} INFO - Sync 1 DAGs
[2024-12-28 22:28:20,597] {logging_mixin.py:109} INFO - [2024-12-28 22:28:20,597] {dag.py:2287} INFO - Setting next_dagrun for agile_data_science_batch_prediction_model_training to None
[2024-12-28 22:28:20,606] {processor.py:170} INFO - Processing /opt/airflow/dags/setup.py took 0.075 seconds
[2024-12-28 22:28:51,356] {processor.py:162} INFO - Started process (PID=5456) to work on /opt/airflow/dags/setup.py
[2024-12-28 22:28:51,357] {processor.py:613} INFO - Processing file /opt/airflow/dags/setup.py for tasks to queue
[2024-12-28 22:28:51,359] {logging_mixin.py:109} INFO - [2024-12-28 22:28:51,359] {dagbag.py:496} INFO - Filling up the DagBag from /opt/airflow/dags/setup.py
[2024-12-28 22:28:51,391] {processor.py:623} INFO - DAG(s) dict_keys(['agile_data_science_batch_prediction_model_training']) retrieved from /opt/airflow/dags/setup.py
[2024-12-28 22:28:51,410] {logging_mixin.py:109} INFO - [2024-12-28 22:28:51,410] {dag.py:1834} INFO - Sync 1 DAGs
[2024-12-28 22:28:51,423] {logging_mixin.py:109} INFO - [2024-12-28 22:28:51,423] {dag.py:2287} INFO - Setting next_dagrun for agile_data_science_batch_prediction_model_training to None
[2024-12-28 22:28:51,432] {processor.py:170} INFO - Processing /opt/airflow/dags/setup.py took 0.079 seconds
[2024-12-28 22:29:22,258] {processor.py:162} INFO - Started process (PID=5461) to work on /opt/airflow/dags/setup.py
[2024-12-28 22:29:22,260] {processor.py:613} INFO - Processing file /opt/airflow/dags/setup.py for tasks to queue
[2024-12-28 22:29:22,261] {logging_mixin.py:109} INFO - [2024-12-28 22:29:22,261] {dagbag.py:496} INFO - Filling up the DagBag from /opt/airflow/dags/setup.py
[2024-12-28 22:29:22,283] {processor.py:623} INFO - DAG(s) dict_keys(['agile_data_science_batch_prediction_model_training']) retrieved from /opt/airflow/dags/setup.py
[2024-12-28 22:29:22,295] {logging_mixin.py:109} INFO - [2024-12-28 22:29:22,295] {dag.py:1834} INFO - Sync 1 DAGs
[2024-12-28 22:29:22,303] {logging_mixin.py:109} INFO - [2024-12-28 22:29:22,302] {dag.py:2287} INFO - Setting next_dagrun for agile_data_science_batch_prediction_model_training to None
[2024-12-28 22:29:22,308] {processor.py:170} INFO - Processing /opt/airflow/dags/setup.py took 0.055 seconds
[2024-12-28 22:29:53,087] {processor.py:162} INFO - Started process (PID=5466) to work on /opt/airflow/dags/setup.py
[2024-12-28 22:29:53,089] {processor.py:613} INFO - Processing file /opt/airflow/dags/setup.py for tasks to queue
[2024-12-28 22:29:53,090] {logging_mixin.py:109} INFO - [2024-12-28 22:29:53,089] {dagbag.py:496} INFO - Filling up the DagBag from /opt/airflow/dags/setup.py
[2024-12-28 22:29:53,113] {processor.py:623} INFO - DAG(s) dict_keys(['agile_data_science_batch_prediction_model_training']) retrieved from /opt/airflow/dags/setup.py
[2024-12-28 22:29:53,132] {logging_mixin.py:109} INFO - [2024-12-28 22:29:53,132] {dag.py:1834} INFO - Sync 1 DAGs
[2024-12-28 22:29:53,143] {logging_mixin.py:109} INFO - [2024-12-28 22:29:53,143] {dag.py:2287} INFO - Setting next_dagrun for agile_data_science_batch_prediction_model_training to None
[2024-12-28 22:29:53,149] {processor.py:170} INFO - Processing /opt/airflow/dags/setup.py took 0.066 seconds
[2024-12-28 22:30:23,956] {processor.py:162} INFO - Started process (PID=5471) to work on /opt/airflow/dags/setup.py
[2024-12-28 22:30:23,956] {processor.py:613} INFO - Processing file /opt/airflow/dags/setup.py for tasks to queue
[2024-12-28 22:30:23,957] {logging_mixin.py:109} INFO - [2024-12-28 22:30:23,957] {dagbag.py:496} INFO - Filling up the DagBag from /opt/airflow/dags/setup.py
[2024-12-28 22:30:23,987] {processor.py:623} INFO - DAG(s) dict_keys(['agile_data_science_batch_prediction_model_training']) retrieved from /opt/airflow/dags/setup.py
[2024-12-28 22:30:24,004] {logging_mixin.py:109} INFO - [2024-12-28 22:30:24,004] {dag.py:1834} INFO - Sync 1 DAGs
[2024-12-28 22:30:24,014] {logging_mixin.py:109} INFO - [2024-12-28 22:30:24,014] {dag.py:2287} INFO - Setting next_dagrun for agile_data_science_batch_prediction_model_training to None
[2024-12-28 22:30:24,020] {processor.py:170} INFO - Processing /opt/airflow/dags/setup.py took 0.066 seconds
[2024-12-28 22:30:54,786] {processor.py:162} INFO - Started process (PID=5476) to work on /opt/airflow/dags/setup.py
[2024-12-28 22:30:54,789] {processor.py:613} INFO - Processing file /opt/airflow/dags/setup.py for tasks to queue
[2024-12-28 22:30:54,790] {logging_mixin.py:109} INFO - [2024-12-28 22:30:54,790] {dagbag.py:496} INFO - Filling up the DagBag from /opt/airflow/dags/setup.py
[2024-12-28 22:30:54,808] {processor.py:623} INFO - DAG(s) dict_keys(['agile_data_science_batch_prediction_model_training']) retrieved from /opt/airflow/dags/setup.py
[2024-12-28 22:30:54,822] {logging_mixin.py:109} INFO - [2024-12-28 22:30:54,822] {dag.py:1834} INFO - Sync 1 DAGs
[2024-12-28 22:30:54,830] {logging_mixin.py:109} INFO - [2024-12-28 22:30:54,830] {dag.py:2287} INFO - Setting next_dagrun for agile_data_science_batch_prediction_model_training to None
[2024-12-28 22:30:54,839] {processor.py:170} INFO - Processing /opt/airflow/dags/setup.py took 0.055 seconds
[2024-12-28 22:31:25,664] {processor.py:162} INFO - Started process (PID=5481) to work on /opt/airflow/dags/setup.py
[2024-12-28 22:31:25,665] {processor.py:613} INFO - Processing file /opt/airflow/dags/setup.py for tasks to queue
[2024-12-28 22:31:25,666] {logging_mixin.py:109} INFO - [2024-12-28 22:31:25,666] {dagbag.py:496} INFO - Filling up the DagBag from /opt/airflow/dags/setup.py
[2024-12-28 22:31:25,682] {processor.py:623} INFO - DAG(s) dict_keys(['agile_data_science_batch_prediction_model_training']) retrieved from /opt/airflow/dags/setup.py
[2024-12-28 22:31:25,694] {logging_mixin.py:109} INFO - [2024-12-28 22:31:25,694] {dag.py:1834} INFO - Sync 1 DAGs
[2024-12-28 22:31:25,701] {logging_mixin.py:109} INFO - [2024-12-28 22:31:25,701] {dag.py:2287} INFO - Setting next_dagrun for agile_data_science_batch_prediction_model_training to None
[2024-12-28 22:31:25,708] {processor.py:170} INFO - Processing /opt/airflow/dags/setup.py took 0.046 seconds
[2024-12-28 22:31:56,498] {processor.py:162} INFO - Started process (PID=5486) to work on /opt/airflow/dags/setup.py
[2024-12-28 22:31:56,500] {processor.py:613} INFO - Processing file /opt/airflow/dags/setup.py for tasks to queue
[2024-12-28 22:31:56,501] {logging_mixin.py:109} INFO - [2024-12-28 22:31:56,501] {dagbag.py:496} INFO - Filling up the DagBag from /opt/airflow/dags/setup.py
[2024-12-28 22:31:56,535] {processor.py:623} INFO - DAG(s) dict_keys(['agile_data_science_batch_prediction_model_training']) retrieved from /opt/airflow/dags/setup.py
[2024-12-28 22:31:56,557] {logging_mixin.py:109} INFO - [2024-12-28 22:31:56,557] {dag.py:1834} INFO - Sync 1 DAGs
[2024-12-28 22:31:56,571] {logging_mixin.py:109} INFO - [2024-12-28 22:31:56,571] {dag.py:2287} INFO - Setting next_dagrun for agile_data_science_batch_prediction_model_training to None
[2024-12-28 22:31:56,587] {processor.py:170} INFO - Processing /opt/airflow/dags/setup.py took 0.093 seconds
[2024-12-28 22:32:27,150] {processor.py:162} INFO - Started process (PID=5491) to work on /opt/airflow/dags/setup.py
[2024-12-28 22:32:27,152] {processor.py:613} INFO - Processing file /opt/airflow/dags/setup.py for tasks to queue
[2024-12-28 22:32:27,152] {logging_mixin.py:109} INFO - [2024-12-28 22:32:27,152] {dagbag.py:496} INFO - Filling up the DagBag from /opt/airflow/dags/setup.py
[2024-12-28 22:32:27,181] {processor.py:623} INFO - DAG(s) dict_keys(['agile_data_science_batch_prediction_model_training']) retrieved from /opt/airflow/dags/setup.py
[2024-12-28 22:32:27,193] {logging_mixin.py:109} INFO - [2024-12-28 22:32:27,193] {dag.py:1834} INFO - Sync 1 DAGs
[2024-12-28 22:32:27,201] {logging_mixin.py:109} INFO - [2024-12-28 22:32:27,201] {dag.py:2287} INFO - Setting next_dagrun for agile_data_science_batch_prediction_model_training to None
[2024-12-28 22:32:27,213] {processor.py:170} INFO - Processing /opt/airflow/dags/setup.py took 0.067 seconds
[2024-12-28 22:32:58,008] {processor.py:162} INFO - Started process (PID=5499) to work on /opt/airflow/dags/setup.py
[2024-12-28 22:32:58,010] {processor.py:613} INFO - Processing file /opt/airflow/dags/setup.py for tasks to queue
[2024-12-28 22:32:58,011] {logging_mixin.py:109} INFO - [2024-12-28 22:32:58,011] {dagbag.py:496} INFO - Filling up the DagBag from /opt/airflow/dags/setup.py
[2024-12-28 22:32:58,040] {processor.py:623} INFO - DAG(s) dict_keys(['agile_data_science_batch_prediction_model_training']) retrieved from /opt/airflow/dags/setup.py
[2024-12-28 22:32:58,054] {logging_mixin.py:109} INFO - [2024-12-28 22:32:58,054] {dag.py:1834} INFO - Sync 1 DAGs
[2024-12-28 22:32:58,064] {logging_mixin.py:109} INFO - [2024-12-28 22:32:58,064] {dag.py:2287} INFO - Setting next_dagrun for agile_data_science_batch_prediction_model_training to None
[2024-12-28 22:32:58,071] {processor.py:170} INFO - Processing /opt/airflow/dags/setup.py took 0.065 seconds
[2024-12-28 22:33:28,875] {processor.py:162} INFO - Started process (PID=5510) to work on /opt/airflow/dags/setup.py
[2024-12-28 22:33:28,877] {processor.py:613} INFO - Processing file /opt/airflow/dags/setup.py for tasks to queue
[2024-12-28 22:33:28,879] {logging_mixin.py:109} INFO - [2024-12-28 22:33:28,879] {dagbag.py:496} INFO - Filling up the DagBag from /opt/airflow/dags/setup.py
[2024-12-28 22:33:28,909] {processor.py:623} INFO - DAG(s) dict_keys(['agile_data_science_batch_prediction_model_training']) retrieved from /opt/airflow/dags/setup.py
[2024-12-28 22:33:28,933] {logging_mixin.py:109} INFO - [2024-12-28 22:33:28,933] {dag.py:1834} INFO - Sync 1 DAGs
[2024-12-28 22:33:28,944] {logging_mixin.py:109} INFO - [2024-12-28 22:33:28,943] {dag.py:2287} INFO - Setting next_dagrun for agile_data_science_batch_prediction_model_training to None
[2024-12-28 22:33:28,956] {processor.py:170} INFO - Processing /opt/airflow/dags/setup.py took 0.090 seconds
[2024-12-28 22:33:59,712] {processor.py:162} INFO - Started process (PID=5515) to work on /opt/airflow/dags/setup.py
[2024-12-28 22:33:59,714] {processor.py:613} INFO - Processing file /opt/airflow/dags/setup.py for tasks to queue
[2024-12-28 22:33:59,714] {logging_mixin.py:109} INFO - [2024-12-28 22:33:59,714] {dagbag.py:496} INFO - Filling up the DagBag from /opt/airflow/dags/setup.py
[2024-12-28 22:33:59,733] {processor.py:623} INFO - DAG(s) dict_keys(['agile_data_science_batch_prediction_model_training']) retrieved from /opt/airflow/dags/setup.py
[2024-12-28 22:33:59,747] {logging_mixin.py:109} INFO - [2024-12-28 22:33:59,747] {dag.py:1834} INFO - Sync 1 DAGs
[2024-12-28 22:33:59,755] {logging_mixin.py:109} INFO - [2024-12-28 22:33:59,755] {dag.py:2287} INFO - Setting next_dagrun for agile_data_science_batch_prediction_model_training to None
[2024-12-28 22:33:59,764] {processor.py:170} INFO - Processing /opt/airflow/dags/setup.py took 0.055 seconds
[2024-12-28 22:34:32,621] {processor.py:162} INFO - Started process (PID=5520) to work on /opt/airflow/dags/setup.py
[2024-12-28 22:34:32,622] {processor.py:613} INFO - Processing file /opt/airflow/dags/setup.py for tasks to queue
[2024-12-28 22:34:32,623] {logging_mixin.py:109} INFO - [2024-12-28 22:34:32,623] {dagbag.py:496} INFO - Filling up the DagBag from /opt/airflow/dags/setup.py
[2024-12-28 22:34:32,646] {processor.py:623} INFO - DAG(s) dict_keys(['agile_data_science_batch_prediction_model_training']) retrieved from /opt/airflow/dags/setup.py
[2024-12-28 22:34:32,663] {logging_mixin.py:109} INFO - [2024-12-28 22:34:32,663] {dag.py:1834} INFO - Sync 1 DAGs
[2024-12-28 22:34:32,673] {logging_mixin.py:109} INFO - [2024-12-28 22:34:32,673] {dag.py:2287} INFO - Setting next_dagrun for agile_data_science_batch_prediction_model_training to None
[2024-12-28 22:34:32,680] {processor.py:170} INFO - Processing /opt/airflow/dags/setup.py took 0.063 seconds
[2024-12-28 22:35:05,452] {processor.py:162} INFO - Started process (PID=5525) to work on /opt/airflow/dags/setup.py
[2024-12-28 22:35:05,453] {processor.py:613} INFO - Processing file /opt/airflow/dags/setup.py for tasks to queue
[2024-12-28 22:35:05,454] {logging_mixin.py:109} INFO - [2024-12-28 22:35:05,454] {dagbag.py:496} INFO - Filling up the DagBag from /opt/airflow/dags/setup.py
[2024-12-28 22:35:05,484] {processor.py:623} INFO - DAG(s) dict_keys(['agile_data_science_batch_prediction_model_training']) retrieved from /opt/airflow/dags/setup.py
[2024-12-28 22:35:05,501] {logging_mixin.py:109} INFO - [2024-12-28 22:35:05,501] {dag.py:1834} INFO - Sync 1 DAGs
[2024-12-28 22:35:05,514] {logging_mixin.py:109} INFO - [2024-12-28 22:35:05,514] {dag.py:2287} INFO - Setting next_dagrun for agile_data_science_batch_prediction_model_training to None
[2024-12-28 22:35:05,523] {processor.py:170} INFO - Processing /opt/airflow/dags/setup.py took 0.074 seconds
[2024-12-28 22:35:38,318] {processor.py:162} INFO - Started process (PID=5530) to work on /opt/airflow/dags/setup.py
[2024-12-28 22:35:38,319] {processor.py:613} INFO - Processing file /opt/airflow/dags/setup.py for tasks to queue
[2024-12-28 22:35:38,320] {logging_mixin.py:109} INFO - [2024-12-28 22:35:38,320] {dagbag.py:496} INFO - Filling up the DagBag from /opt/airflow/dags/setup.py
[2024-12-28 22:35:38,340] {processor.py:623} INFO - DAG(s) dict_keys(['agile_data_science_batch_prediction_model_training']) retrieved from /opt/airflow/dags/setup.py
[2024-12-28 22:35:38,353] {logging_mixin.py:109} INFO - [2024-12-28 22:35:38,353] {dag.py:1834} INFO - Sync 1 DAGs
[2024-12-28 22:35:38,361] {logging_mixin.py:109} INFO - [2024-12-28 22:35:38,361] {dag.py:2287} INFO - Setting next_dagrun for agile_data_science_batch_prediction_model_training to None
[2024-12-28 22:35:38,368] {processor.py:170} INFO - Processing /opt/airflow/dags/setup.py took 0.051 seconds
[2024-12-28 22:36:11,172] {processor.py:162} INFO - Started process (PID=5535) to work on /opt/airflow/dags/setup.py
[2024-12-28 22:36:11,174] {processor.py:613} INFO - Processing file /opt/airflow/dags/setup.py for tasks to queue
[2024-12-28 22:36:11,175] {logging_mixin.py:109} INFO - [2024-12-28 22:36:11,175] {dagbag.py:496} INFO - Filling up the DagBag from /opt/airflow/dags/setup.py
[2024-12-28 22:36:11,193] {processor.py:623} INFO - DAG(s) dict_keys(['agile_data_science_batch_prediction_model_training']) retrieved from /opt/airflow/dags/setup.py
[2024-12-28 22:36:11,209] {logging_mixin.py:109} INFO - [2024-12-28 22:36:11,209] {dag.py:1834} INFO - Sync 1 DAGs
[2024-12-28 22:36:11,219] {logging_mixin.py:109} INFO - [2024-12-28 22:36:11,218] {dag.py:2287} INFO - Setting next_dagrun for agile_data_science_batch_prediction_model_training to None
[2024-12-28 22:36:11,224] {processor.py:170} INFO - Processing /opt/airflow/dags/setup.py took 0.056 seconds
[2024-12-28 22:36:44,049] {processor.py:162} INFO - Started process (PID=5540) to work on /opt/airflow/dags/setup.py
[2024-12-28 22:36:44,051] {processor.py:613} INFO - Processing file /opt/airflow/dags/setup.py for tasks to queue
[2024-12-28 22:36:44,052] {logging_mixin.py:109} INFO - [2024-12-28 22:36:44,052] {dagbag.py:496} INFO - Filling up the DagBag from /opt/airflow/dags/setup.py
[2024-12-28 22:36:44,081] {processor.py:623} INFO - DAG(s) dict_keys(['agile_data_science_batch_prediction_model_training']) retrieved from /opt/airflow/dags/setup.py
[2024-12-28 22:36:44,095] {logging_mixin.py:109} INFO - [2024-12-28 22:36:44,095] {dag.py:1834} INFO - Sync 1 DAGs
[2024-12-28 22:36:44,104] {logging_mixin.py:109} INFO - [2024-12-28 22:36:44,104] {dag.py:2287} INFO - Setting next_dagrun for agile_data_science_batch_prediction_model_training to None
[2024-12-28 22:36:44,113] {processor.py:170} INFO - Processing /opt/airflow/dags/setup.py took 0.067 seconds
[2024-12-28 22:37:15,871] {processor.py:162} INFO - Started process (PID=5545) to work on /opt/airflow/dags/setup.py
[2024-12-28 22:37:15,872] {processor.py:613} INFO - Processing file /opt/airflow/dags/setup.py for tasks to queue
[2024-12-28 22:37:15,873] {logging_mixin.py:109} INFO - [2024-12-28 22:37:15,872] {dagbag.py:496} INFO - Filling up the DagBag from /opt/airflow/dags/setup.py
[2024-12-28 22:37:15,900] {processor.py:623} INFO - DAG(s) dict_keys(['agile_data_science_batch_prediction_model_training']) retrieved from /opt/airflow/dags/setup.py
[2024-12-28 22:37:15,916] {logging_mixin.py:109} INFO - [2024-12-28 22:37:15,915] {dag.py:1834} INFO - Sync 1 DAGs
[2024-12-28 22:37:15,925] {logging_mixin.py:109} INFO - [2024-12-28 22:37:15,925] {dag.py:2287} INFO - Setting next_dagrun for agile_data_science_batch_prediction_model_training to None
[2024-12-28 22:37:15,934] {processor.py:170} INFO - Processing /opt/airflow/dags/setup.py took 0.066 seconds
[2024-12-28 22:37:48,744] {processor.py:162} INFO - Started process (PID=5553) to work on /opt/airflow/dags/setup.py
[2024-12-28 22:37:48,745] {processor.py:613} INFO - Processing file /opt/airflow/dags/setup.py for tasks to queue
[2024-12-28 22:37:48,746] {logging_mixin.py:109} INFO - [2024-12-28 22:37:48,746] {dagbag.py:496} INFO - Filling up the DagBag from /opt/airflow/dags/setup.py
[2024-12-28 22:37:48,771] {processor.py:623} INFO - DAG(s) dict_keys(['agile_data_science_batch_prediction_model_training']) retrieved from /opt/airflow/dags/setup.py
[2024-12-28 22:37:48,788] {logging_mixin.py:109} INFO - [2024-12-28 22:37:48,788] {dag.py:1834} INFO - Sync 1 DAGs
[2024-12-28 22:37:48,800] {logging_mixin.py:109} INFO - [2024-12-28 22:37:48,800] {dag.py:2287} INFO - Setting next_dagrun for agile_data_science_batch_prediction_model_training to None
[2024-12-28 22:37:48,808] {processor.py:170} INFO - Processing /opt/airflow/dags/setup.py took 0.067 seconds
[2024-12-28 22:38:21,541] {processor.py:162} INFO - Started process (PID=5558) to work on /opt/airflow/dags/setup.py
[2024-12-28 22:38:21,542] {processor.py:613} INFO - Processing file /opt/airflow/dags/setup.py for tasks to queue
[2024-12-28 22:38:21,543] {logging_mixin.py:109} INFO - [2024-12-28 22:38:21,543] {dagbag.py:496} INFO - Filling up the DagBag from /opt/airflow/dags/setup.py
[2024-12-28 22:38:21,578] {processor.py:623} INFO - DAG(s) dict_keys(['agile_data_science_batch_prediction_model_training']) retrieved from /opt/airflow/dags/setup.py
[2024-12-28 22:38:21,599] {logging_mixin.py:109} INFO - [2024-12-28 22:38:21,598] {dag.py:1834} INFO - Sync 1 DAGs
[2024-12-28 22:38:21,615] {logging_mixin.py:109} INFO - [2024-12-28 22:38:21,615] {dag.py:2287} INFO - Setting next_dagrun for agile_data_science_batch_prediction_model_training to None
[2024-12-28 22:38:21,627] {processor.py:170} INFO - Processing /opt/airflow/dags/setup.py took 0.090 seconds
[2024-12-28 22:38:52,129] {processor.py:162} INFO - Started process (PID=5566) to work on /opt/airflow/dags/setup.py
[2024-12-28 22:38:52,130] {processor.py:613} INFO - Processing file /opt/airflow/dags/setup.py for tasks to queue
[2024-12-28 22:38:52,132] {logging_mixin.py:109} INFO - [2024-12-28 22:38:52,131] {dagbag.py:496} INFO - Filling up the DagBag from /opt/airflow/dags/setup.py
[2024-12-28 22:38:52,169] {processor.py:623} INFO - DAG(s) dict_keys(['agile_data_science_batch_prediction_model_training']) retrieved from /opt/airflow/dags/setup.py
[2024-12-28 22:38:52,201] {logging_mixin.py:109} INFO - [2024-12-28 22:38:52,201] {dag.py:1834} INFO - Sync 1 DAGs
[2024-12-28 22:38:52,219] {logging_mixin.py:109} INFO - [2024-12-28 22:38:52,219] {dag.py:2287} INFO - Setting next_dagrun for agile_data_science_batch_prediction_model_training to None
[2024-12-28 22:38:52,230] {processor.py:170} INFO - Processing /opt/airflow/dags/setup.py took 0.105 seconds
[2024-12-28 22:39:23,394] {processor.py:162} INFO - Started process (PID=5571) to work on /opt/airflow/dags/setup.py
[2024-12-28 22:39:23,395] {processor.py:613} INFO - Processing file /opt/airflow/dags/setup.py for tasks to queue
[2024-12-28 22:39:23,396] {logging_mixin.py:109} INFO - [2024-12-28 22:39:23,396] {dagbag.py:496} INFO - Filling up the DagBag from /opt/airflow/dags/setup.py
[2024-12-28 22:39:23,413] {processor.py:623} INFO - DAG(s) dict_keys(['agile_data_science_batch_prediction_model_training']) retrieved from /opt/airflow/dags/setup.py
[2024-12-28 22:39:23,425] {logging_mixin.py:109} INFO - [2024-12-28 22:39:23,425] {dag.py:1834} INFO - Sync 1 DAGs
[2024-12-28 22:39:23,434] {logging_mixin.py:109} INFO - [2024-12-28 22:39:23,433] {dag.py:2287} INFO - Setting next_dagrun for agile_data_science_batch_prediction_model_training to None
[2024-12-28 22:39:23,439] {processor.py:170} INFO - Processing /opt/airflow/dags/setup.py took 0.048 seconds
[2024-12-28 22:39:56,280] {processor.py:162} INFO - Started process (PID=5576) to work on /opt/airflow/dags/setup.py
[2024-12-28 22:39:56,281] {processor.py:613} INFO - Processing file /opt/airflow/dags/setup.py for tasks to queue
[2024-12-28 22:39:56,282] {logging_mixin.py:109} INFO - [2024-12-28 22:39:56,282] {dagbag.py:496} INFO - Filling up the DagBag from /opt/airflow/dags/setup.py
[2024-12-28 22:39:56,305] {processor.py:623} INFO - DAG(s) dict_keys(['agile_data_science_batch_prediction_model_training']) retrieved from /opt/airflow/dags/setup.py
[2024-12-28 22:39:56,320] {logging_mixin.py:109} INFO - [2024-12-28 22:39:56,320] {dag.py:1834} INFO - Sync 1 DAGs
[2024-12-28 22:39:56,328] {logging_mixin.py:109} INFO - [2024-12-28 22:39:56,328] {dag.py:2287} INFO - Setting next_dagrun for agile_data_science_batch_prediction_model_training to None
[2024-12-28 22:39:56,335] {processor.py:170} INFO - Processing /opt/airflow/dags/setup.py took 0.057 seconds
[2024-12-28 22:40:29,142] {processor.py:162} INFO - Started process (PID=5581) to work on /opt/airflow/dags/setup.py
[2024-12-28 22:40:29,144] {processor.py:613} INFO - Processing file /opt/airflow/dags/setup.py for tasks to queue
[2024-12-28 22:40:29,145] {logging_mixin.py:109} INFO - [2024-12-28 22:40:29,145] {dagbag.py:496} INFO - Filling up the DagBag from /opt/airflow/dags/setup.py
[2024-12-28 22:40:29,174] {processor.py:623} INFO - DAG(s) dict_keys(['agile_data_science_batch_prediction_model_training']) retrieved from /opt/airflow/dags/setup.py
[2024-12-28 22:40:29,197] {logging_mixin.py:109} INFO - [2024-12-28 22:40:29,197] {dag.py:1834} INFO - Sync 1 DAGs
[2024-12-28 22:40:29,209] {logging_mixin.py:109} INFO - [2024-12-28 22:40:29,209] {dag.py:2287} INFO - Setting next_dagrun for agile_data_science_batch_prediction_model_training to None
[2024-12-28 22:40:29,223] {processor.py:170} INFO - Processing /opt/airflow/dags/setup.py took 0.086 seconds
